Сборка начата 12.05.2025 8:40:42.
Уровень детализации журнала: Normal.     1>Проект "C:\Universety\AISD\Laba06\task1\task1.vcxproj" в узле 2 (целевые объекты Build).
     1>PrepareForBuild:
         Структурированный вывод включен. Форматирование диагностики компилятора будет отражать иерархию ошибок. Подробнее см. https://aka.ms/cpp/structured-output.
       InitializeBuildStatus:
         Создание "x64\Debug\task1.tlog\unsuccessfulbuild", так как было задано "AlwaysCreate".
         Обращение к "x64\Debug\task1.tlog\unsuccessfulbuild".
       ClCompile:
         C:\Program Files\Microsoft Visual Studio\2022\Community\VC\Tools\MSVC\14.42.34433\bin\HostX64\x64\CL.exe /c /ZI /JMC /nologo /W3 /WX- /diagnostics:column /sdl /Od /D _DEBUG /D _CONSOLE /D _UNICODE /D UNICODE /Gm- /EHsc /RTC1 /MDd /GS /fp:precise /Zc:wchar_t /Zc:forScope /Zc:inline /permissive- /Fo"x64\Debug\\" /Fd"x64\Debug\vc143.pdb" /external:W3 /Gd /TP /FC /errorReport:prompt Lists.cpp
         Lists.cpp
     1>C:\Universety\AISD\Laba06\task1\Lists.cpp(137,23): warning C4244: аргумент: преобразование "__int64" в "int", возможна потеря данных
     1>C:\Universety\AISD\Laba06\task1\Lists.cpp(143,23): warning C4244: аргумент: преобразование "__int64" в "int", возможна потеря данных
     1>C:\Universety\AISD\Laba06\task1\Lists.cpp(150,44): warning C4244: аргумент: преобразование "__int64" в "int", возможна потеря данных
       Link:
         C:\Program Files\Microsoft Visual Studio\2022\Community\VC\Tools\MSVC\14.42.34433\bin\HostX64\x64\link.exe /ERRORREPORT:PROMPT /OUT:"C:\Universety\AISD\Laba06\x64\Debug\task1.exe" /INCREMENTAL /ILK:"x64\Debug\task1.ilk" /NOLOGO kernel32.lib user32.lib gdi32.lib winspool.lib comdlg32.lib advapi32.lib shell32.lib ole32.lib oleaut32.lib uuid.lib odbc32.lib odbccp32.lib /MANIFEST /MANIFESTUAC:"level='asInvoker' uiAccess='false'" /manifest:embed /DEBUG /PDB:"C:\Universety\AISD\Laba06\x64\Debug\task1.pdb" /SUBSYSTEM:CONSOLE /TLBID:1 /DYNAMICBASE /NXCOMPAT /IMPLIB:"C:\Universety\AISD\Laba06\x64\Debug\task1.lib" /MACHINE:X64 x64\Debug\Lists.obj
         task1.vcxproj -> C:\Universety\AISD\Laba06\x64\Debug\task1.exe
       FinalizeBuildStatus:
         Файл "x64\Debug\task1.tlog\unsuccessfulbuild" удаляется.
         Обращение к "x64\Debug\task1.tlog\task1.lastbuildstate".
     1>Сборка проекта "C:\Universety\AISD\Laba06\task1\task1.vcxproj" завершена (целевые объекты Build).

Сборка успешно завершена.

       "C:\Universety\AISD\Laba06\task1\task1.vcxproj" (целевой объект Build ) (1) ->
       (Целевой объект ClCompile) -> 
         C:\Universety\AISD\Laba06\task1\Lists.cpp(137,23): warning C4244: аргумент: преобразование "__int64" в "int", возможна потеря данных
         C:\Universety\AISD\Laba06\task1\Lists.cpp(143,23): warning C4244: аргумент: преобразование "__int64" в "int", возможна потеря данных
         C:\Universety\AISD\Laba06\task1\Lists.cpp(150,44): warning C4244: аргумент: преобразование "__int64" в "int", возможна потеря данных

    Предупреждений: 3
    Ошибок: 0

Прошло времени 00:00:00.90
