Сборка начата 26.02.2025 20:51:21.
Уровень детализации журнала: Normal.     1>Проект "C:\Уник\KPO\laba01\laba01\laba01.vcxproj" в узле 2 (целевые объекты Build).
     1>PrepareForBuild:
         Структурированный вывод включен. Форматирование диагностики компилятора будет отражать иерархию ошибок. Подробнее см. https://aka.ms/cpp/structured-output.
       InitializeBuildStatus:
         Создание "x64\Debug\laba01.tlog\unsuccessfulbuild", так как было задано "AlwaysCreate".
         Обращение к "x64\Debug\laba01.tlog\unsuccessfulbuild".
       ClCompile:
         Для всех выходных данных обновления не требуется.
       Link:
         C:\Program Files\Microsoft Visual Studio\2022\Community\VC\Tools\MSVC\14.42.34433\bin\HostX64\x64\link.exe /ERRORREPORT:PROMPT /OUT:"C:\Уник\KPO\laba01\x64\Debug\laba01.exe" /INCREMENTAL /ILK:"x64\Debug\laba01.ilk" /NOLOGO kernel32.lib user32.lib gdi32.lib winspool.lib comdlg32.lib advapi32.lib shell32.lib ole32.lib oleaut32.lib uuid.lib odbc32.lib odbccp32.lib /MANIFEST /MANIFESTUAC:"level='asInvoker' uiAccess='false'" /manifest:embed /DEBUG /PDB:"C:\Уник\KPO\laba01\x64\Debug\laba01.pdb" /SUBSYSTEM:CONSOLE /TLBID:1 /DYNAMICBASE /NXCOMPAT /IMPLIB:"C:\Уник\KPO\laba01\x64\Debug\laba01.lib" /MACHINE:X64 x64\Debug\laba01.obj
         laba01.vcxproj -> C:\Уник\KPO\laba01\x64\Debug\laba01.exe
       FinalizeBuildStatus:
         Файл "x64\Debug\laba01.tlog\unsuccessfulbuild" удаляется.
         Обращение к "x64\Debug\laba01.tlog\laba01.lastbuildstate".
     1>Сборка проекта "C:\Уник\KPO\laba01\laba01\laba01.vcxproj" завершена (целевые объекты Build).

Сборка успешно завершена.
    Предупреждений: 0
    Ошибок: 0

Прошло времени 00:00:00.39
