Сборка начата 05.04.2025 12:07:39.
Уровень детализации журнала: Normal.     1>Проект "C:\Уник\OAIP\1course2sem\Laba06\dop.3\dop.3.vcxproj" в узле 2 (целевые объекты Build).
     1>PrepareForBuild:
         Структурированный вывод включен. Форматирование диагностики компилятора будет отражать иерархию ошибок. Подробнее см. https://aka.ms/cpp/structured-output.
         Создание каталога "x64\Debug\dop.3.tlog\".
       InitializeBuildStatus:
         Создание "x64\Debug\dop.3.tlog\unsuccessfulbuild", так как было задано "AlwaysCreate".
         Обращение к "x64\Debug\dop.3.tlog\unsuccessfulbuild".
       ClCompile:
         C:\Program Files\Microsoft Visual Studio\2022\Community\VC\Tools\MSVC\14.42.34433\bin\HostX64\x64\CL.exe /c /ZI /JMC /nologo /W3 /WX- /diagnostics:column /sdl /Od /D _DEBUG /D _CONSOLE /D _UNICODE /D UNICODE /Gm- /EHsc /RTC1 /MDd /GS /fp:precise /Zc:wchar_t /Zc:forScope /Zc:inline /permissive- /Fo"x64\Debug\\" /Fd"x64\Debug\vc143.pdb" /external:W3 /Gd /TP /FC /errorReport:prompt dop.3.cpp
         dop.3.cpp
     1>C:\Уник\OAIP\1course2sem\Laba06\dop.3\dop.3.cpp(105,23): warning C4244: =: преобразование "int" в "float", возможна потеря данных
     1>C:\Уник\OAIP\1course2sem\Laba06\dop.3\dop.3.cpp(267,29): warning C4244: =: преобразование "float" в "int", возможна потеря данных
     1>C:\Уник\OAIP\1course2sem\Laba06\dop.3\dop.3.cpp(272,23): warning C4244: =: преобразование "int" в "float", возможна потеря данных
       Link:
         C:\Program Files\Microsoft Visual Studio\2022\Community\VC\Tools\MSVC\14.42.34433\bin\HostX64\x64\link.exe /ERRORREPORT:PROMPT /OUT:"C:\Уник\OAIP\1course2sem\Laba06\x64\Debug\dop.3.exe" /INCREMENTAL /ILK:"x64\Debug\dop.3.ilk" /NOLOGO kernel32.lib user32.lib gdi32.lib winspool.lib comdlg32.lib advapi32.lib shell32.lib ole32.lib oleaut32.lib uuid.lib odbc32.lib odbccp32.lib /MANIFEST /MANIFESTUAC:"level='asInvoker' uiAccess='false'" /manifest:embed /DEBUG /PDB:"C:\Уник\OAIP\1course2sem\Laba06\x64\Debug\dop.3.pdb" /SUBSYSTEM:CONSOLE /TLBID:1 /DYNAMICBASE /NXCOMPAT /IMPLIB:"C:\Уник\OAIP\1course2sem\Laba06\x64\Debug\dop.3.lib" /MACHINE:X64 x64\Debug\dop.3.obj
         dop.3.vcxproj -> C:\Уник\OAIP\1course2sem\Laba06\x64\Debug\dop.3.exe
       FinalizeBuildStatus:
         Файл "x64\Debug\dop.3.tlog\unsuccessfulbuild" удаляется.
         Обращение к "x64\Debug\dop.3.tlog\dop.3.lastbuildstate".
     1>Сборка проекта "C:\Уник\OAIP\1course2sem\Laba06\dop.3\dop.3.vcxproj" завершена (целевые объекты Build).

Сборка успешно завершена.

       "C:\Уник\OAIP\1course2sem\Laba06\dop.3\dop.3.vcxproj" (целевой объект Build ) (1) ->
       (Целевой объект ClCompile) -> 
         C:\Уник\OAIP\1course2sem\Laba06\dop.3\dop.3.cpp(105,23): warning C4244: =: преобразование "int" в "float", возможна потеря данных
         C:\Уник\OAIP\1course2sem\Laba06\dop.3\dop.3.cpp(267,29): warning C4244: =: преобразование "float" в "int", возможна потеря данных
         C:\Уник\OAIP\1course2sem\Laba06\dop.3\dop.3.cpp(272,23): warning C4244: =: преобразование "int" в "float", возможна потеря данных

    Предупреждений: 3
    Ошибок: 0

Прошло времени 00:00:02.21
