Сборка начата 16.09.2025 18:26:33.
Уровень детализации журнала: Normal.     1>Проект "C:\Universety\CSaN\Lab1\clients\clients\clients.vcxproj" в узле 2 (целевые объекты Build).
     1>PrepareForBuild:
         Структурированный вывод включен. Форматирование диагностики компилятора будет отражать иерархию ошибок. Подробнее см. https://aka.ms/cpp/structured-output.
       InitializeBuildStatus:
         Создание "x64\Debug\clients.tlog\unsuccessfulbuild", так как было задано "AlwaysCreate".
         Обращение к "x64\Debug\clients.tlog\unsuccessfulbuild".
       ClCompile:
         C:\Program Files\Microsoft Visual Studio\2022\Community\VC\Tools\MSVC\14.42.34433\bin\HostX64\x64\CL.exe /c /ZI /JMC /nologo /W3 /WX- /diagnostics:column /sdl /Od /D _DEBUG /D _CONSOLE /D _UNICODE /D UNICODE /Gm- /EHsc /RTC1 /MDd /GS /fp:precise /Zc:wchar_t /Zc:forScope /Zc:inline /permissive- /Fo"x64\Debug\\" /Fd"x64\Debug\vc143.pdb" /external:W3 /Gd /TP /FC /errorReport:prompt clients.cpp
         clients.cpp
       Link:
         C:\Program Files\Microsoft Visual Studio\2022\Community\VC\Tools\MSVC\14.42.34433\bin\HostX64\x64\link.exe /ERRORREPORT:PROMPT /OUT:"C:\Universety\CSaN\Lab1\clients\x64\Debug\clients.exe" /INCREMENTAL /ILK:"x64\Debug\clients.ilk" /NOLOGO kernel32.lib user32.lib gdi32.lib winspool.lib comdlg32.lib advapi32.lib shell32.lib ole32.lib oleaut32.lib uuid.lib odbc32.lib odbccp32.lib /MANIFEST /MANIFESTUAC:"level='asInvoker' uiAccess='false'" /manifest:embed /DEBUG /PDB:"C:\Universety\CSaN\Lab1\clients\x64\Debug\clients.pdb" /SUBSYSTEM:CONSOLE /TLBID:1 /DYNAMICBASE /NXCOMPAT /IMPLIB:"C:\Universety\CSaN\Lab1\clients\x64\Debug\clients.lib" /MACHINE:X64 x64\Debug\clients.obj
         clients.vcxproj -> C:\Universety\CSaN\Lab1\clients\x64\Debug\clients.exe
       TlogCleanup:
         Следующие элементы будут удалены из tlogs, так как они были удалены из проекта или сборки: C:\Universety\CSaN\clients\clients\clients.cpp.
       FinalizeBuildStatus:
         Файл "x64\Debug\clients.tlog\unsuccessfulbuild" удаляется.
         Обращение к "x64\Debug\clients.tlog\clients.lastbuildstate".
     1>Сборка проекта "C:\Universety\CSaN\Lab1\clients\clients\clients.vcxproj" завершена (целевые объекты Build).

Сборка успешно завершена.
    Предупреждений: 0
    Ошибок: 0

Прошло времени 00:00:00.64
