Сборка начата 03.04.2025 12:38:32.
Уровень детализации журнала: Normal.     1>Проект "C:\Уник\KPO\SE_Lab05\SE_Lab05\SE_Lab05.vcxproj" в узле 2 (целевые объекты Build).
     1>PrepareForBuild:
         Структурированный вывод включен. Форматирование диагностики компилятора будет отражать иерархию ошибок. Подробнее см. https://aka.ms/cpp/structured-output.
       InitializeBuildStatus:
         Создание "x64\Debug\SE_Lab05.tlog\unsuccessfulbuild", так как было задано "AlwaysCreate".
         Обращение к "x64\Debug\SE_Lab05.tlog\unsuccessfulbuild".
       ClCompile:
         C:\Program Files\Microsoft Visual Studio\2022\Community\VC\Tools\MSVC\14.42.34433\bin\HostX64\x64\CL.exe /c /ZI /JMC /nologo /W3 /WX- /diagnostics:column /sdl /Od /D _DEBUG /D _CONSOLE /D _UNICODE /D UNICODE /Gm- /EHsc /RTC1 /MDd /GS /fp:precise /Zc:wchar_t /Zc:forScope /Zc:inline /permissive- /Fo"x64\Debug\\" /Fd"x64\Debug\vc143.pdb" /external:W3 /Gd /TP /FC /errorReport:prompt stdafx.h
         stdafx.h
       Link:
         C:\Program Files\Microsoft Visual Studio\2022\Community\VC\Tools\MSVC\14.42.34433\bin\HostX64\x64\link.exe /ERRORREPORT:PROMPT /OUT:"C:\Уник\KPO\SE_Lab05\x64\Debug\SE_Lab05.exe" /INCREMENTAL /ILK:"x64\Debug\SE_Lab05.ilk" /NOLOGO kernel32.lib user32.lib gdi32.lib winspool.lib comdlg32.lib advapi32.lib shell32.lib ole32.lib oleaut32.lib uuid.lib odbc32.lib odbccp32.lib /MANIFEST /MANIFESTUAC:"level='asInvoker' uiAccess='false'" /manifest:embed /DEBUG /PDB:"C:\Уник\KPO\SE_Lab05\x64\Debug\SE_Lab05.pdb" /SUBSYSTEM:CONSOLE /TLBID:1 /DYNAMICBASE /NXCOMPAT /IMPLIB:"C:\Уник\KPO\SE_Lab05\x64\Debug\SE_Lab05.lib" /MACHINE:X64 x64\Debug\Dictionary.obj
         x64\Debug\stdafx.obj
         SE_Lab05.vcxproj -> C:\Уник\KPO\SE_Lab05\x64\Debug\SE_Lab05.exe
       FinalizeBuildStatus:
         Файл "x64\Debug\SE_Lab05.tlog\unsuccessfulbuild" удаляется.
         Обращение к "x64\Debug\SE_Lab05.tlog\SE_Lab05.lastbuildstate".
     1>Сборка проекта "C:\Уник\KPO\SE_Lab05\SE_Lab05\SE_Lab05.vcxproj" завершена (целевые объекты Build).

Сборка успешно завершена.
    Предупреждений: 0
    Ошибок: 0

Прошло времени 00:00:00.48
