Сборка начата 24.05.2025 12:11:53.
Уровень детализации журнала: Normal.     1>Проект "C:\Universety\OAIP\1course2sem\Laba15\Laab15\Laab15\Laab15.vcxproj" в узле 2 (целевые объекты Build).
     1>PrepareForBuild:
         Структурированный вывод включен. Форматирование диагностики компилятора будет отражать иерархию ошибок. Подробнее см. https://aka.ms/cpp/structured-output.
       InitializeBuildStatus:
         Обращение к "x64\Debug\Laab15.tlog\unsuccessfulbuild".
       ClCompile:
         C:\Program Files\Microsoft Visual Studio\2022\Community\VC\Tools\MSVC\14.42.34433\bin\HostX64\x64\CL.exe /c /ZI /JMC /nologo /W3 /WX- /diagnostics:column /sdl /Od /D _DEBUG /D _CONSOLE /D _UNICODE /D UNICODE /Gm- /EHsc /RTC1 /MDd /GS /fp:precise /Zc:wchar_t /Zc:forScope /Zc:inline /permissive- /Fo"x64\Debug\\" /Fd"x64\Debug\vc143.pdb" /external:W3 /Gd /TP /FC /errorReport:prompt Laab15.cpp
         Laab15.cpp
     1>C:\Universety\OAIP\1course2sem\Laba15\Laab15\Laab15\Laab15.cpp(130,15): warning C4244: аргумент: преобразование "time_t" в "unsigned int", возможна потеря данных
       Link:
         C:\Program Files\Microsoft Visual Studio\2022\Community\VC\Tools\MSVC\14.42.34433\bin\HostX64\x64\link.exe /ERRORREPORT:PROMPT /OUT:"C:\Universety\OAIP\1course2sem\Laba15\Laab15\x64\Debug\Laab15.exe" /INCREMENTAL /ILK:"x64\Debug\Laab15.ilk" /NOLOGO kernel32.lib user32.lib gdi32.lib winspool.lib comdlg32.lib advapi32.lib shell32.lib ole32.lib oleaut32.lib uuid.lib odbc32.lib odbccp32.lib /MANIFEST /MANIFESTUAC:"level='asInvoker' uiAccess='false'" /manifest:embed /DEBUG /PDB:"C:\Universety\OAIP\1course2sem\Laba15\Laab15\x64\Debug\Laab15.pdb" /SUBSYSTEM:CONSOLE /TLBID:1 /DYNAMICBASE /NXCOMPAT /IMPLIB:"C:\Universety\OAIP\1course2sem\Laba15\Laab15\x64\Debug\Laab15.lib" /MACHINE:X64 x64\Debug\Laab15.obj
         Laab15.vcxproj -> C:\Universety\OAIP\1course2sem\Laba15\Laab15\x64\Debug\Laab15.exe
       FinalizeBuildStatus:
         Файл "x64\Debug\Laab15.tlog\unsuccessfulbuild" удаляется.
         Обращение к "x64\Debug\Laab15.tlog\Laab15.lastbuildstate".
     1>Сборка проекта "C:\Universety\OAIP\1course2sem\Laba15\Laab15\Laab15\Laab15.vcxproj" завершена (целевые объекты Build).

Сборка успешно завершена.

       "C:\Universety\OAIP\1course2sem\Laba15\Laab15\Laab15\Laab15.vcxproj" (целевой объект Build ) (1) ->
       (Целевой объект ClCompile) -> 
         C:\Universety\OAIP\1course2sem\Laba15\Laab15\Laab15\Laab15.cpp(130,15): warning C4244: аргумент: преобразование "time_t" в "unsigned int", возможна потеря данных

    Предупреждений: 1
    Ошибок: 0

Прошло времени 00:00:01.84
