Сборка начата 30.06.2025 0:05:41.
Уровень детализации журнала: Normal.     1>Проект "C:\Universety\KPO\SE_Lab15\SE_Lab15\SE_Lab15.vcxproj" в узле 2 (целевые объекты Build).
     1>PrepareForBuild:
         Структурированный вывод включен. Форматирование диагностики компилятора будет отражать иерархию ошибок. Подробнее см. https://aka.ms/cpp/structured-output.
       InitializeBuildStatus:
         Обращение к "Debug\SE_Lab15.tlog\unsuccessfulbuild".
       ClCompile:
         C:\Program Files\Microsoft Visual Studio\2022\Community\VC\Tools\MSVC\14.42.34433\bin\HostX86\x86\CL.exe /c /ZI /JMC /nologo /W3 /WX- /diagnostics:column /sdl /Od /Oy- /D WIN32 /D _DEBUG /D _CONSOLE /D _UNICODE /D UNICODE /Gm- /EHsc /RTC1 /MDd /GS /fp:precise /Zc:wchar_t /Zc:forScope /Zc:inline /permissive- /Fo"Debug\\" /Fd"Debug\vc143.pdb" /external:W3 /Gd /TP /analyze- /FC /errorReport:prompt Error.cpp In.cpp Log.cpp Parm.cpp SE_Lab15.cpp
         Error.cpp
         In.cpp
     1>C:\Universety\KPO\SE_Lab15\SE_Lab15\In.cpp(28,22): warning C4018: <: несоответствие типов со знаком и без знака
     1>C:\Universety\KPO\SE_Lab15\SE_Lab15\In.cpp(55,22): warning C4018: <: несоответствие типов со знаком и без знака
     1>C:\Universety\KPO\SE_Lab15\SE_Lab15\In.cpp(73,25): warning C4018: <: несоответствие типов со знаком и без знака
         Log.cpp
         Parm.cpp
         SE_Lab15.cpp
         Создание кода...
       Link:
         C:\Program Files\Microsoft Visual Studio\2022\Community\VC\Tools\MSVC\14.42.34433\bin\HostX86\x86\link.exe /ERRORREPORT:PROMPT /OUT:"C:\Universety\KPO\SE_Lab15\Debug\SE_Lab15.exe" /INCREMENTAL /ILK:"Debug\SE_Lab15.ilk" /NOLOGO kernel32.lib user32.lib gdi32.lib winspool.lib comdlg32.lib advapi32.lib shell32.lib ole32.lib oleaut32.lib uuid.lib odbc32.lib odbccp32.lib /MANIFEST /MANIFESTUAC:"level='asInvoker' uiAccess='false'" /manifest:embed /DEBUG /PDB:"C:\Universety\KPO\SE_Lab15\Debug\SE_Lab15.pdb" /SUBSYSTEM:CONSOLE /TLBID:1 /DYNAMICBASE /NXCOMPAT /IMPLIB:"C:\Universety\KPO\SE_Lab15\Debug\SE_Lab15.lib" /MACHINE:X86 Debug\Error.obj
         Debug\In.obj
         Debug\Log.obj
         Debug\Parm.obj
         Debug\SE_Lab15.obj
         SE_Lab15.vcxproj -> C:\Universety\KPO\SE_Lab15\Debug\SE_Lab15.exe
       FinalizeBuildStatus:
         Файл "Debug\SE_Lab15.tlog\unsuccessfulbuild" удаляется.
         Обращение к "Debug\SE_Lab15.tlog\SE_Lab15.lastbuildstate".
     1>Сборка проекта "C:\Universety\KPO\SE_Lab15\SE_Lab15\SE_Lab15.vcxproj" завершена (целевые объекты Build).

Сборка успешно завершена.

       "C:\Universety\KPO\SE_Lab15\SE_Lab15\SE_Lab15.vcxproj" (целевой объект Build ) (1) ->
       (Целевой объект ClCompile) -> 
         C:\Universety\KPO\SE_Lab15\SE_Lab15\In.cpp(28,22): warning C4018: <: несоответствие типов со знаком и без знака
         C:\Universety\KPO\SE_Lab15\SE_Lab15\In.cpp(55,22): warning C4018: <: несоответствие типов со знаком и без знака
         C:\Universety\KPO\SE_Lab15\SE_Lab15\In.cpp(73,25): warning C4018: <: несоответствие типов со знаком и без знака

    Предупреждений: 3
    Ошибок: 0

Прошло времени 00:00:02.93
