Сборка начата 07.05.2025 23:10:11.
Уровень детализации журнала: Normal.     1>Проект "C:\Universety\KPO\SE_Lab09\Varparm\Varparm.vcxproj" в узле 2 (целевые объекты Build).
     1>PrepareForBuild:
         Структурированный вывод включен. Форматирование диагностики компилятора будет отражать иерархию ошибок. Подробнее см. https://aka.ms/cpp/structured-output.
       InitializeBuildStatus:
         Создание "x64\Debug\Varparm.tlog\unsuccessfulbuild", так как было задано "AlwaysCreate".
         Обращение к "x64\Debug\Varparm.tlog\unsuccessfulbuild".
       ClCompile:
         C:\Program Files\Microsoft Visual Studio\2022\Community\VC\Tools\MSVC\14.42.34433\bin\HostX64\x64\CL.exe /c /ZI /JMC /nologo /W3 /WX- /diagnostics:column /sdl /Od /D _DEBUG /D _CONSOLE /D _UNICODE /D UNICODE /Gm- /EHsc /RTC1 /MDd /GS /fp:precise /Zc:wchar_t /Zc:forScope /Zc:inline /permissive- /Fo"x64\Debug\\" /Fd"x64\Debug\vc143.pdb" /external:W3 /Gd /TP /FC /errorReport:prompt Varparm.cpp
         Varparm.cpp
     1>C:\Universety\KPO\SE_Lab09\Varparm\Varparm.cpp(41,10): warning C4244: =: преобразование "double" в "float", возможна потеря данных
     1>C:\Universety\KPO\SE_Lab09\Varparm\Varparm.cpp(81,36): warning C4305: аргумент: усечение из "double" в "float"
     1>C:\Universety\KPO\SE_Lab09\Varparm\Varparm.cpp(82,35): warning C4305: аргумент: усечение из "double" в "float"
       Link:
         C:\Program Files\Microsoft Visual Studio\2022\Community\VC\Tools\MSVC\14.42.34433\bin\HostX64\x64\link.exe /ERRORREPORT:PROMPT /OUT:"C:\Universety\KPO\SE_Lab09\x64\Debug\Varparm.exe" /INCREMENTAL /ILK:"x64\Debug\Varparm.ilk" /NOLOGO kernel32.lib user32.lib gdi32.lib winspool.lib comdlg32.lib advapi32.lib shell32.lib ole32.lib oleaut32.lib uuid.lib odbc32.lib odbccp32.lib /MANIFEST /MANIFESTUAC:"level='asInvoker' uiAccess='false'" /manifest:embed /DEBUG /PDB:"C:\Universety\KPO\SE_Lab09\x64\Debug\Varparm.pdb" /SUBSYSTEM:CONSOLE /TLBID:1 /DYNAMICBASE /NXCOMPAT /IMPLIB:"C:\Universety\KPO\SE_Lab09\x64\Debug\Varparm.lib" /MACHINE:X64 x64\Debug\Varparm.obj
         Varparm.vcxproj -> C:\Universety\KPO\SE_Lab09\x64\Debug\Varparm.exe
       TlogCleanup:
         Следующие элементы будут удалены из tlogs, так как они были удалены из проекта или сборки: C:\Уник\KPO\SE_Lab09\Varparm\Varparm.cpp.
       FinalizeBuildStatus:
         Файл "x64\Debug\Varparm.tlog\unsuccessfulbuild" удаляется.
         Обращение к "x64\Debug\Varparm.tlog\Varparm.lastbuildstate".
     1>Сборка проекта "C:\Universety\KPO\SE_Lab09\Varparm\Varparm.vcxproj" завершена (целевые объекты Build).

Сборка успешно завершена.

       "C:\Universety\KPO\SE_Lab09\Varparm\Varparm.vcxproj" (целевой объект Build ) (1) ->
       (Целевой объект ClCompile) -> 
         C:\Universety\KPO\SE_Lab09\Varparm\Varparm.cpp(41,10): warning C4244: =: преобразование "double" в "float", возможна потеря данных
         C:\Universety\KPO\SE_Lab09\Varparm\Varparm.cpp(81,36): warning C4305: аргумент: усечение из "double" в "float"
         C:\Universety\KPO\SE_Lab09\Varparm\Varparm.cpp(82,35): warning C4305: аргумент: усечение из "double" в "float"

    Предупреждений: 3
    Ошибок: 0

Прошло времени 00:00:02.94
