Сборка начата 22.02.2025 12:26:43.
Уровень детализации журнала: Normal.     1>Проект "C:\Уник\OAIP\1course2sem\Laba3\9_1zadanie\9_1zadanie.vcxproj" в узле 2 (целевые объекты Build).
     1>PrepareForBuild:
         Структурированный вывод включен. Форматирование диагностики компилятора будет отражать иерархию ошибок. Подробнее см. https://aka.ms/cpp/structured-output.
       InitializeBuildStatus:
         Обращение к "x64\Debug\9_1zadanie.tlog\unsuccessfulbuild".
       ClCompile:
         C:\Program Files\Microsoft Visual Studio\2022\Community\VC\Tools\MSVC\14.42.34433\bin\HostX64\x64\CL.exe /c /ZI /JMC /nologo /W3 /WX- /diagnostics:column /sdl /Od /D _DEBUG /D _CONSOLE /D _UNICODE /D UNICODE /Gm- /EHsc /RTC1 /MDd /GS /fp:precise /Zc:wchar_t /Zc:forScope /Zc:inline /permissive- /Fo"x64\Debug\\" /Fd"x64\Debug\vc143.pdb" /external:W3 /Gd /TP /FC /errorReport:prompt 9_1zadanie.cpp
         9_1zadanie.cpp
       Link:
         C:\Program Files\Microsoft Visual Studio\2022\Community\VC\Tools\MSVC\14.42.34433\bin\HostX64\x64\link.exe /ERRORREPORT:PROMPT /OUT:"C:\Уник\OAIP\1course2sem\Laba3\x64\Debug\9_1zadanie.exe" /INCREMENTAL /ILK:"x64\Debug\9_1zadanie.ilk" /NOLOGO kernel32.lib user32.lib gdi32.lib winspool.lib comdlg32.lib advapi32.lib shell32.lib ole32.lib oleaut32.lib uuid.lib odbc32.lib odbccp32.lib /MANIFEST /MANIFESTUAC:"level='asInvoker' uiAccess='false'" /manifest:embed /DEBUG /PDB:"C:\Уник\OAIP\1course2sem\Laba3\x64\Debug\9_1zadanie.pdb" /SUBSYSTEM:CONSOLE /TLBID:1 /DYNAMICBASE /NXCOMPAT /IMPLIB:"C:\Уник\OAIP\1course2sem\Laba3\x64\Debug\9_1zadanie.lib" /MACHINE:X64 x64\Debug\9_1zadanie.obj
         9_1zadanie.vcxproj -> C:\Уник\OAIP\1course2sem\Laba3\x64\Debug\9_1zadanie.exe
       FinalizeBuildStatus:
         Файл "x64\Debug\9_1zadanie.tlog\unsuccessfulbuild" удаляется.
         Обращение к "x64\Debug\9_1zadanie.tlog\9_1zadanie.lastbuildstate".
     1>Сборка проекта "C:\Уник\OAIP\1course2sem\Laba3\9_1zadanie\9_1zadanie.vcxproj" завершена (целевые объекты Build).

Сборка успешно завершена.
    Предупреждений: 0
    Ошибок: 0

Прошло времени 00:00:00.62
