Сборка начата 24.05.2025 12:01:40.
Уровень детализации журнала: Normal.     1>Проект "C:\Universety\OAIP\1course2sem\Laba14\task3\task3.vcxproj" в узле 2 (целевые объекты Build).
     1>PrepareForBuild:
         Структурированный вывод включен. Форматирование диагностики компилятора будет отражать иерархию ошибок. Подробнее см. https://aka.ms/cpp/structured-output.
       InitializeBuildStatus:
         Создание "x64\Debug\task3.tlog\unsuccessfulbuild", так как было задано "AlwaysCreate".
         Обращение к "x64\Debug\task3.tlog\unsuccessfulbuild".
       ClCompile:
         C:\Program Files\Microsoft Visual Studio\2022\Community\VC\Tools\MSVC\14.42.34433\bin\HostX64\x64\CL.exe /c /ZI /JMC /nologo /W3 /WX- /diagnostics:column /sdl /Od /D _DEBUG /D _CONSOLE /D _UNICODE /D UNICODE /Gm- /EHsc /RTC1 /MDd /GS /fp:precise /Zc:wchar_t /Zc:forScope /Zc:inline /permissive- /Fo"x64\Debug\\" /Fd"x64\Debug\vc143.pdb" /external:W3 /Gd /TP /FC /errorReport:prompt Hash_Table.cpp
         Hash_Table.cpp
       Link:
         C:\Program Files\Microsoft Visual Studio\2022\Community\VC\Tools\MSVC\14.42.34433\bin\HostX64\x64\link.exe /ERRORREPORT:PROMPT /OUT:"C:\Universety\OAIP\1course2sem\Laba14\x64\Debug\task3.exe" /INCREMENTAL /ILK:"x64\Debug\task3.ilk" /NOLOGO kernel32.lib user32.lib gdi32.lib winspool.lib comdlg32.lib advapi32.lib shell32.lib ole32.lib oleaut32.lib uuid.lib odbc32.lib odbccp32.lib /MANIFEST /MANIFESTUAC:"level='asInvoker' uiAccess='false'" /manifest:embed /DEBUG /PDB:"C:\Universety\OAIP\1course2sem\Laba14\x64\Debug\task3.pdb" /SUBSYSTEM:CONSOLE /TLBID:1 /DYNAMICBASE /NXCOMPAT /IMPLIB:"C:\Universety\OAIP\1course2sem\Laba14\x64\Debug\task3.lib" /MACHINE:X64 x64\Debug\Hash_Table.obj
         x64\Debug\Lists.obj
         x64\Debug\task3.obj
         task3.vcxproj -> C:\Universety\OAIP\1course2sem\Laba14\x64\Debug\task3.exe
       FinalizeBuildStatus:
         Файл "x64\Debug\task3.tlog\unsuccessfulbuild" удаляется.
         Обращение к "x64\Debug\task3.tlog\task3.lastbuildstate".
     1>Сборка проекта "C:\Universety\OAIP\1course2sem\Laba14\task3\task3.vcxproj" завершена (целевые объекты Build).

Сборка успешно завершена.
    Предупреждений: 0
    Ошибок: 0

Прошло времени 00:00:01.47
