  фафыфыаыф.cpp
C:\Уник\OPI\Лаба5\фафыфыаыф\фафыфыаыф.cpp(12,10): warning C4566: символ, представленный универсальным именем символа "\u00C2", невозможно представить в текущей кодовой странице (1251)
C:\Уник\OPI\Лаба5\фафыфыаыф\фафыфыаыф.cpp(12,10): warning C4566: символ, представленный универсальным именем символа "\u00FB", невозможно представить в текущей кодовой странице (1251)
C:\Уник\OPI\Лаба5\фафыфыаыф\фафыфыаыф.cpp(12,10): warning C4566: символ, представленный универсальным именем символа "\u00E1", невозможно представить в текущей кодовой странице (1251)
C:\Уник\OPI\Лаба5\фафыфыаыф\фафыфыаыф.cpp(12,10): warning C4566: символ, представленный универсальным именем символа "\u00E5", невозможно представить в текущей кодовой странице (1251)
C:\Уник\OPI\Лаба5\фафыфыаыф\фафыфыаыф.cpp(12,10): warning C4566: символ, представленный универсальным именем символа "\u00F0", невозможно представить в текущей кодовой странице (1251)
C:\Уник\OPI\Лаба5\фафыфыаыф\фафыфыаыф.cpp(12,10): warning C4566: символ, представленный универсальным именем символа "\u00E8", невозможно представить в текущей кодовой странице (1251)
C:\Уник\OPI\Лаба5\фафыфыаыф\фафыфыаыф.cpp(12,10): warning C4566: символ, представленный универсальным именем символа "\u00F2", невозможно представить в текущей кодовой странице (1251)
C:\Уник\OPI\Лаба5\фафыфыаыф\фафыфыаыф.cpp(12,10): warning C4566: символ, представленный универсальным именем символа "\u00E7", невозможно представить в текущей кодовой странице (1251)
C:\Уник\OPI\Лаба5\фафыфыаыф\фафыфыаыф.cpp(12,10): warning C4566: символ, представленный универсальным именем символа "\u00E0", невозможно представить в текущей кодовой странице (1251)
C:\Уник\OPI\Лаба5\фафыфыаыф\фафыфыаыф.cpp(12,10): warning C4566: символ, представленный универсальным именем символа "\u00E4", невозможно представить в текущей кодовой странице (1251)
C:\Уник\OPI\Лаба5\фафыфыаыф\фафыфыаыф.cpp(12,10): warning C4566: символ, представленный универсальным именем символа "\u00ED", невозможно представить в текущей кодовой странице (1251)
C:\Уник\OPI\Лаба5\фафыфыаыф\фафыфыаыф.cpp(12,10): warning C4566: символ, представленный универсальным именем символа "\u00EB", невозможно представить в текущей кодовой странице (1251)
C:\Уник\OPI\Лаба5\фафыфыаыф\фафыфыаыф.cpp(12,10): warning C4566: символ, представленный универсальным именем символа "\u00FF", невозможно представить в текущей кодовой странице (1251)
C:\Уник\OPI\Лаба5\фафыфыаыф\фафыфыаыф.cpp(12,10): warning C4566: символ, представленный универсальным именем символа "\u00E2", невозможно представить в текущей кодовой странице (1251)
C:\Уник\OPI\Лаба5\фафыфыаыф\фафыфыаыф.cpp(12,10): warning C4566: символ, представленный универсальным именем символа "\u00F5", невозможно представить в текущей кодовой странице (1251)
C:\Уник\OPI\Лаба5\фафыфыаыф\фафыфыаыф.cpp(12,10): warning C4566: символ, представленный универсальным именем символа "\u00EE", невозможно представить в текущей кодовой странице (1251)
C:\Уник\OPI\Лаба5\фафыфыаыф\фафыфыаыф.cpp(16,11): warning C4566: символ, представленный универсальным именем символа "\u00C2", невозможно представить в текущей кодовой странице (1251)
C:\Уник\OPI\Лаба5\фафыфыаыф\фафыфыаыф.cpp(16,11): warning C4566: символ, представленный универсальным именем символа "\u00E2", невозможно представить в текущей кодовой странице (1251)
C:\Уник\OPI\Лаба5\фафыфыаыф\фафыфыаыф.cpp(16,11): warning C4566: символ, представленный универсальным именем символа "\u00E5", невозможно представить в текущей кодовой странице (1251)
C:\Уник\OPI\Лаба5\фафыфыаыф\фафыфыаыф.cpp(16,11): warning C4566: символ, представленный универсальным именем символа "\u00E4", невозможно представить в текущей кодовой странице (1251)
C:\Уник\OPI\Лаба5\фафыфыаыф\фафыфыаыф.cpp(16,11): warning C4566: символ, представленный универсальным именем символа "\u00E8", невозможно представить в текущей кодовой странице (1251)
C:\Уник\OPI\Лаба5\фафыфыаыф\фафыфыаыф.cpp(16,11): warning C4566: символ, представленный универсальным именем символа "\u00F2", невозможно представить в текущей кодовой странице (1251)
C:\Уник\OPI\Лаба5\фафыфыаыф\фафыфыаыф.cpp(16,11): warning C4566: символ, представленный универсальным именем символа "\u00EE", невозможно представить в текущей кодовой странице (1251)
C:\Уник\OPI\Лаба5\фафыфыаыф\фафыфыаыф.cpp(16,11): warning C4566: символ, представленный универсальным именем символа "\u00F0", невозможно представить в текущей кодовой странице (1251)
C:\Уник\OPI\Лаба5\фафыфыаыф\фафыфыаыф.cpp(16,11): warning C4566: символ, представленный универсальным именем символа "\u00F3", невозможно представить в текущей кодовой странице (1251)
C:\Уник\OPI\Лаба5\фафыфыаыф\фафыфыаыф.cpp(16,11): warning C4566: символ, представленный универсальным именем символа "\u00FE", невозможно представить в текущей кодовой странице (1251)
C:\Уник\OPI\Лаба5\фафыфыаыф\фафыфыаыф.cpp(16,11): warning C4566: символ, представленный универсальным именем символа "\u00E1", невозможно представить в текущей кодовой странице (1251)
C:\Уник\OPI\Лаба5\фафыфыаыф\фафыфыаыф.cpp(16,11): warning C4566: символ, представленный универсальным именем символа "\u00EA", невозможно представить в текущей кодовой странице (1251)
C:\Уник\OPI\Лаба5\фафыфыаыф\фафыфыаыф.cpp(16,11): warning C4566: символ, представленный универсальным именем символа "\u00F4", невозможно представить в текущей кодовой странице (1251)
C:\Уник\OPI\Лаба5\фафыфыаыф\фафыфыаыф.cpp(16,11): warning C4566: символ, представленный универсальным именем символа "\u00E0", невозможно представить в текущей кодовой странице (1251)
C:\Уник\OPI\Лаба5\фафыфыаыф\фафыфыаыф.cpp(16,11): warning C4566: символ, представленный универсальным именем символа "\u00EC", невозможно представить в текущей кодовой странице (1251)
C:\Уник\OPI\Лаба5\фафыфыаыф\фафыфыаыф.cpp(16,11): warning C4566: символ, представленный универсальным именем символа "\u00EB", невозможно представить в текущей кодовой странице (1251)
C:\Уник\OPI\Лаба5\фафыфыаыф\фафыфыаыф.cpp(16,11): warning C4566: символ, представленный универсальным именем символа "\u00ED", невозможно представить в текущей кодовой странице (1251)
C:\Уник\OPI\Лаба5\фафыфыаыф\фафыфыаыф.cpp(16,11): warning C4566: символ, представленный универсальным именем символа "\u00E3", невозможно представить в текущей кодовой странице (1251)
C:\Уник\OPI\Лаба5\фафыфыаыф\фафыфыаыф.cpp(16,11): warning C4566: символ, представленный универсальным именем символа "\u00E9", невозможно представить в текущей кодовой странице (1251)
C:\Уник\OPI\Лаба5\фафыфыаыф\фафыфыаыф.cpp(16,11): warning C4566: символ, представленный универсальным именем символа "\u00F1", невозможно представить в текущей кодовой странице (1251)
C:\Уник\OPI\Лаба5\фафыфыаыф\фафыфыаыф.cpp(16,11): warning C4566: символ, представленный универсальным именем символа "\u00EF", невозможно представить в текущей кодовой странице (1251)
C:\Уник\OPI\Лаба5\фафыфыаыф\фафыфыаыф.cpp(18,11): warning C4566: символ, представленный универсальным именем символа "\u00C2", невозможно представить в текущей кодовой странице (1251)
C:\Уник\OPI\Лаба5\фафыфыаыф\фафыфыаыф.cpp(18,11): warning C4566: символ, представленный универсальным именем символа "\u00E2", невозможно представить в текущей кодовой странице (1251)
C:\Уник\OPI\Лаба5\фафыфыаыф\фафыфыаыф.cpp(18,11): warning C4566: символ, представленный универсальным именем символа "\u00E5", невозможно представить в текущей кодовой странице (1251)
C:\Уник\OPI\Лаба5\фафыфыаыф\фафыфыаыф.cpp(18,11): warning C4566: символ, представленный универсальным именем символа "\u00E4", невозможно представить в текущей кодовой странице (1251)
C:\Уник\OPI\Лаба5\фафыфыаыф\фафыфыаыф.cpp(18,11): warning C4566: символ, представленный универсальным именем символа "\u00E8", невозможно представить в текущей кодовой странице (1251)
C:\Уник\OPI\Лаба5\фафыфыаыф\фафыфыаыф.cpp(18,11): warning C4566: символ, представленный универсальным именем символа "\u00F2", невозможно представить в текущей кодовой странице (1251)
C:\Уник\OPI\Лаба5\фафыфыаыф\фафыфыаыф.cpp(18,11): warning C4566: символ, представленный универсальным именем символа "\u00EE", невозможно представить в текущей кодовой странице (1251)
C:\Уник\OPI\Лаба5\фафыфыаыф\фафыфыаыф.cpp(18,11): warning C4566: символ, представленный универсальным именем символа "\u00F0", невозможно представить в текущей кодовой странице (1251)
C:\Уник\OPI\Лаба5\фафыфыаыф\фафыфыаыф.cpp(18,11): warning C4566: символ, представленный универсальным именем символа "\u00F3", невозможно представить в текущей кодовой странице (1251)
C:\Уник\OPI\Лаба5\фафыфыаыф\фафыфыаыф.cpp(18,11): warning C4566: символ, представленный универсальным именем символа "\u00FE", невозможно представить в текущей кодовой странице (1251)
C:\Уник\OPI\Лаба5\фафыфыаыф\фафыфыаыф.cpp(18,11): warning C4566: символ, представленный универсальным именем символа "\u00E1", невозможно представить в текущей кодовой странице (1251)
C:\Уник\OPI\Лаба5\фафыфыаыф\фафыфыаыф.cpp(18,11): warning C4566: символ, представленный универсальным именем символа "\u00EA", невозможно представить в текущей кодовой странице (1251)
C:\Уник\OPI\Лаба5\фафыфыаыф\фафыфыаыф.cpp(18,11): warning C4566: символ, представленный универсальным именем символа "\u00F4", невозможно представить в текущей кодовой странице (1251)
C:\Уник\OPI\Лаба5\фафыфыаыф\фафыфыаыф.cpp(18,11): warning C4566: символ, представленный универсальным именем символа "\u00E0", невозможно представить в текущей кодовой странице (1251)
C:\Уник\OPI\Лаба5\фафыфыаыф\фафыфыаыф.cpp(18,11): warning C4566: символ, представленный универсальным именем символа "\u00EC", невозможно представить в текущей кодовой странице (1251)
C:\Уник\OPI\Лаба5\фафыфыаыф\фафыфыаыф.cpp(18,11): warning C4566: символ, представленный универсальным именем символа "\u00EB", невозможно представить в текущей кодовой странице (1251)
C:\Уник\OPI\Лаба5\фафыфыаыф\фафыфыаыф.cpp(18,11): warning C4566: символ, представленный универсальным именем символа "\u00ED", невозможно представить в текущей кодовой странице (1251)
C:\Уник\OPI\Лаба5\фафыфыаыф\фафыфыаыф.cpp(18,11): warning C4566: символ, представленный универсальным именем символа "\u00E3", невозможно представить в текущей кодовой странице (1251)
C:\Уник\OPI\Лаба5\фафыфыаыф\фафыфыаыф.cpp(18,11): warning C4566: символ, представленный универсальным именем символа "\u00E9", невозможно представить в текущей кодовой странице (1251)
C:\Уник\OPI\Лаба5\фафыфыаыф\фафыфыаыф.cpp(18,11): warning C4566: символ, представленный универсальным именем символа "\u00F1", невозможно представить в текущей кодовой странице (1251)
C:\Уник\OPI\Лаба5\фафыфыаыф\фафыфыаыф.cpp(18,11): warning C4566: символ, представленный универсальным именем символа "\u00F7", невозможно представить в текущей кодовой странице (1251)
C:\Уник\OPI\Лаба5\фафыфыаыф\фафыфыаыф.cpp(21,12): warning C4566: символ, представленный универсальным именем символа "\u00D0", невозможно представить в текущей кодовой странице (1251)
C:\Уник\OPI\Лаба5\фафыфыаыф\фафыфыаыф.cpp(21,12): warning C4566: символ, представленный универсальным именем символа "\u00E0", невозможно представить в текущей кодовой странице (1251)
C:\Уник\OPI\Лаба5\фафыфыаыф\фафыфыаыф.cpp(21,12): warning C4566: символ, представленный универсальным именем символа "\u00E7", невозможно представить в текущей кодовой странице (1251)
C:\Уник\OPI\Лаба5\фафыфыаыф\фафыфыаыф.cpp(21,12): warning C4566: символ, представленный универсальным именем символа "\u00ED", невозможно представить в текущей кодовой странице (1251)
C:\Уник\OPI\Лаба5\фафыфыаыф\фафыфыаыф.cpp(21,12): warning C4566: символ, представленный универсальным именем символа "\u00E8", невозможно представить в текущей кодовой странице (1251)
C:\Уник\OPI\Лаба5\фафыфыаыф\фафыфыаыф.cpp(21,12): warning C4566: символ, представленный универсальным именем символа "\u00F6", невозможно представить в текущей кодовой странице (1251)
C:\Уник\OPI\Лаба5\фафыфыаыф\фафыфыаыф.cpp(21,12): warning C4566: символ, представленный универсальным именем символа "\u00F7", невозможно представить в текущей кодовой странице (1251)
C:\Уник\OPI\Лаба5\фафыфыаыф\фафыфыаыф.cpp(21,12): warning C4566: символ, представленный универсальным именем символа "\u00E5", невозможно представить в текущей кодовой странице (1251)
C:\Уник\OPI\Лаба5\фафыфыаыф\фафыфыаыф.cpp(21,12): warning C4566: символ, представленный универсальным именем символа "\u00E9", невозможно представить в текущей кодовой странице (1251)
C:\Уник\OPI\Лаба5\фафыфыаыф\фафыфыаыф.cpp(21,12): warning C4566: символ, представленный универсальным именем символа "\u00EA", невозможно представить в текущей кодовой странице (1251)
C:\Уник\OPI\Лаба5\фафыфыаыф\фафыфыаыф.cpp(21,12): warning C4566: символ, представленный универсальным именем символа "\u00EE", невозможно представить в текущей кодовой странице (1251)
C:\Уник\OPI\Лаба5\фафыфыаыф\фафыфыаыф.cpp(21,12): warning C4566: символ, представленный универсальным именем символа "\u00E4", невозможно представить в текущей кодовой странице (1251)
C:\Уник\OPI\Лаба5\фафыфыаыф\фафыфыаыф.cpp(21,12): warning C4566: символ, представленный универсальным именем символа "\u00E2", невозможно представить в текущей кодовой странице (1251)
C:\Уник\OPI\Лаба5\фафыфыаыф\фафыфыаыф.cpp(24,12): warning C4566: символ, представленный универсальным именем символа "\u00C2", невозможно представить в текущей кодовой странице (1251)
C:\Уник\OPI\Лаба5\фафыфыаыф\фафыфыаыф.cpp(24,12): warning C4566: символ, представленный универсальным именем символа "\u00E2", невозможно представить в текущей кодовой странице (1251)
C:\Уник\OPI\Лаба5\фафыфыаыф\фафыфыаыф.cpp(24,12): warning C4566: символ, представленный универсальным именем символа "\u00E5", невозможно представить в текущей кодовой странице (1251)
C:\Уник\OPI\Лаба5\фафыфыаыф\фафыфыаыф.cpp(24,12): warning C4566: символ, представленный универсальным именем символа "\u00E4", невозможно представить в текущей кодовой странице (1251)
C:\Уник\OPI\Лаба5\фафыфыаыф\фафыфыаыф.cpp(24,12): warning C4566: символ, представленный универсальным именем символа "\u00ED", невозможно представить в текущей кодовой странице (1251)
C:\Уник\OPI\Лаба5\фафыфыаыф\фафыфыаыф.cpp(24,12): warning C4566: символ, представленный универсальным именем символа "\u00FB", невозможно представить в текущей кодовой странице (1251)
C:\Уник\OPI\Лаба5\фафыфыаыф\фафыфыаыф.cpp(24,12): warning C4566: символ, представленный универсальным именем символа "\u00EA", невозможно представить в текущей кодовой странице (1251)
C:\Уник\OPI\Лаба5\фафыфыаыф\фафыфыаыф.cpp(24,12): warning C4566: символ, представленный универсальным именем символа "\u00EE", невозможно представить в текущей кодовой странице (1251)
C:\Уник\OPI\Лаба5\фафыфыаыф\фафыфыаыф.cpp(24,12): warning C4566: символ, представленный универсальным именем символа "\u00F0", невозможно представить в текущей кодовой странице (1251)
C:\Уник\OPI\Лаба5\фафыфыаыф\фафыфыаыф.cpp(24,12): warning C4566: символ, представленный универсальным именем символа "\u00F2", невозможно представить в текущей кодовой странице (1251)
C:\Уник\OPI\Лаба5\фафыфыаыф\фафыфыаыф.cpp(24,12): warning C4566: символ, представленный универсальным именем символа "\u00F1", невозможно представить в текущей кодовой странице (1251)
C:\Уник\OPI\Лаба5\фафыфыаыф\фафыфыаыф.cpp(24,12): warning C4566: символ, представленный универсальным именем символа "\u00E8", невозможно представить в текущей кодовой странице (1251)
C:\Уник\OPI\Лаба5\фафыфыаыф\фафыфыаыф.cpp(24,12): warning C4566: символ, представленный универсальным именем символа "\u00EC", невозможно представить в текущей кодовой странице (1251)
C:\Уник\OPI\Лаба5\фафыфыаыф\фафыфыаыф.cpp(24,12): warning C4566: символ, представленный универсальным именем символа "\u00EB", невозможно представить в текущей кодовой странице (1251)
C:\Уник\OPI\Лаба5\фафыфыаыф\фафыфыаыф.cpp(28,11): warning C4566: символ, представленный универсальным именем символа "\u00C2", невозможно представить в текущей кодовой странице (1251)
C:\Уник\OPI\Лаба5\фафыфыаыф\фафыфыаыф.cpp(28,11): warning C4566: символ, представленный универсальным именем символа "\u00E2", невозможно представить в текущей кодовой странице (1251)
C:\Уник\OPI\Лаба5\фафыфыаыф\фафыфыаыф.cpp(28,11): warning C4566: символ, представленный универсальным именем символа "\u00E5", невозможно представить в текущей кодовой странице (1251)
C:\Уник\OPI\Лаба5\фафыфыаыф\фафыфыаыф.cpp(28,11): warning C4566: символ, представленный универсальным именем символа "\u00E4", невозможно представить в текущей кодовой странице (1251)
C:\Уник\OPI\Лаба5\фафыфыаыф\фафыфыаыф.cpp(28,11): warning C4566: символ, представленный универсальным именем символа "\u00E8", невозможно представить в текущей кодовой странице (1251)
C:\Уник\OPI\Лаба5\фафыфыаыф\фафыфыаыф.cpp(28,11): warning C4566: символ, представленный универсальным именем символа "\u00F2", невозможно представить в текущей кодовой странице (1251)
C:\Уник\OPI\Лаба5\фафыфыаыф\фафыфыаыф.cpp(28,11): warning C4566: символ, представленный универсальным именем символа "\u00EE", невозможно представить в текущей кодовой странице (1251)
C:\Уник\OPI\Лаба5\фафыфыаыф\фафыфыаыф.cpp(28,11): warning C4566: символ, представленный универсальным именем символа "\u00F0", невозможно представить в текущей кодовой странице (1251)
C:\Уник\OPI\Лаба5\фафыфыаыф\фафыфыаыф.cpp(28,11): warning C4566: символ, представленный универсальным именем символа "\u00F3", невозможно представить в текущей кодовой странице (1251)
C:\Уник\OPI\Лаба5\фафыфыаыф\фафыфыаыф.cpp(28,11): warning C4566: символ, представленный универсальным именем символа "\u00FE", невозможно представить в текущей кодовой странице (1251)
C:\Уник\OPI\Лаба5\фафыфыаыф\фафыфыаыф.cpp(28,11): warning C4566: символ, представленный универсальным именем символа "\u00E1", невозможно представить в текущей кодовой странице (1251)
C:\Уник\OPI\Лаба5\фафыфыаыф\фафыфыаыф.cpp(28,11): warning C4566: символ, представленный универсальным именем символа "\u00EA", невозможно представить в текущей кодовой странице (1251)
C:\Уник\OPI\Лаба5\фафыфыаыф\фафыфыаыф.cpp(28,11): warning C4566: символ, представленный универсальным именем символа "\u00EC", невозможно представить в текущей кодовой странице (1251)
C:\Уник\OPI\Лаба5\фафыфыаыф\фафыфыаыф.cpp(28,11): warning C4566: символ, представленный универсальным именем символа "\u00ED", невозможно представить в текущей кодовой странице (1251)
C:\Уник\OPI\Лаба5\фафыфыаыф\фафыфыаыф.cpp(28,11): warning C4566: символ, представленный универсальным именем символа "\u00E0", невозможно представить в текущей кодовой странице (1251)
C:\Уник\OPI\Лаба5\фафыфыаыф\фафыфыаыф.cpp(28,11): warning C4566: символ, представленный универсальным именем символа "\u00F1", невозможно представить в текущей кодовой странице (1251)
C:\Уник\OPI\Лаба5\фафыфыаыф\фафыфыаыф.cpp(28,11): warning C4566: символ, представленный универсальным именем символа "\u00EF", невозможно представить в текущей кодовой странице (1251)
C:\Уник\OPI\Лаба5\фафыфыаыф\фафыфыаыф.cpp(28,11): warning C4566: символ, представленный универсальным именем символа "\u00E9", невозможно представить в текущей кодовой странице (1251)
C:\Уник\OPI\Лаба5\фафыфыаыф\фафыфыаыф.cpp(30,11): warning C4566: символ, представленный универсальным именем символа "\u00C2", невозможно представить в текущей кодовой странице (1251)
C:\Уник\OPI\Лаба5\фафыфыаыф\фафыфыаыф.cpp(30,11): warning C4566: символ, представленный универсальным именем символа "\u00E2", невозможно представить в текущей кодовой странице (1251)
C:\Уник\OPI\Лаба5\фафыфыаыф\фафыфыаыф.cpp(30,11): warning C4566: символ, представленный универсальным именем символа "\u00E5", невозможно представить в текущей кодовой странице (1251)
C:\Уник\OPI\Лаба5\фафыфыаыф\фафыфыаыф.cpp(30,11): warning C4566: символ, представленный универсальным именем символа "\u00E4", невозможно представить в текущей кодовой странице (1251)
C:\Уник\OPI\Лаба5\фафыфыаыф\фафыфыаыф.cpp(30,11): warning C4566: символ, представленный универсальным именем символа "\u00E8", невозможно представить в текущей кодовой странице (1251)
C:\Уник\OPI\Лаба5\фафыфыаыф\фафыфыаыф.cpp(30,11): warning C4566: символ, представленный универсальным именем символа "\u00F2", невозможно представить в текущей кодовой странице (1251)
C:\Уник\OPI\Лаба5\фафыфыаыф\фафыфыаыф.cpp(30,11): warning C4566: символ, представленный универсальным именем символа "\u00EE", невозможно представить в текущей кодовой странице (1251)
C:\Уник\OPI\Лаба5\фафыфыаыф\фафыфыаыф.cpp(30,11): warning C4566: символ, представленный универсальным именем символа "\u00F0", невозможно представить в текущей кодовой странице (1251)
C:\Уник\OPI\Лаба5\фафыфыаыф\фафыфыаыф.cpp(30,11): warning C4566: символ, представленный универсальным именем символа "\u00F3", невозможно представить в текущей кодовой странице (1251)
C:\Уник\OPI\Лаба5\фафыфыаыф\фафыфыаыф.cpp(30,11): warning C4566: символ, представленный универсальным именем символа "\u00FE", невозможно представить в текущей кодовой странице (1251)
C:\Уник\OPI\Лаба5\фафыфыаыф\фафыфыаыф.cpp(30,11): warning C4566: символ, представленный универсальным именем символа "\u00E1", невозможно представить в текущей кодовой странице (1251)
C:\Уник\OPI\Лаба5\фафыфыаыф\фафыфыаыф.cpp(30,11): warning C4566: символ, представленный универсальным именем символа "\u00EA", невозможно представить в текущей кодовой странице (1251)
C:\Уник\OPI\Лаба5\фафыфыаыф\фафыфыаыф.cpp(30,11): warning C4566: символ, представленный универсальным именем символа "\u00EC", невозможно представить в текущей кодовой странице (1251)
C:\Уник\OPI\Лаба5\фафыфыаыф\фафыфыаыф.cpp(30,11): warning C4566: символ, представленный универсальным именем символа "\u00ED", невозможно представить в текущей кодовой странице (1251)
C:\Уник\OPI\Лаба5\фафыфыаыф\фафыфыаыф.cpp(30,11): warning C4566: символ, представленный универсальным именем символа "\u00E0", невозможно представить в текущей кодовой странице (1251)
C:\Уник\OPI\Лаба5\фафыфыаыф\фафыфыаыф.cpp(30,11): warning C4566: символ, представленный универсальным именем символа "\u00F1", невозможно представить в текущей кодовой странице (1251)
C:\Уник\OPI\Лаба5\фафыфыаыф\фафыфыаыф.cpp(30,11): warning C4566: символ, представленный универсальным именем символа "\u00F7", невозможно представить в текущей кодовой странице (1251)
C:\Уник\OPI\Лаба5\фафыфыаыф\фафыфыаыф.cpp(30,11): warning C4566: символ, представленный универсальным именем символа "\u00E9", невозможно представить в текущей кодовой странице (1251)
C:\Уник\OPI\Лаба5\фафыфыаыф\фафыфыаыф.cpp(34,12): warning C4566: символ, представленный универсальным именем символа "\u00D0", невозможно представить в текущей кодовой странице (1251)
C:\Уник\OPI\Лаба5\фафыфыаыф\фафыфыаыф.cpp(34,12): warning C4566: символ, представленный универсальным именем символа "\u00E0", невозможно представить в текущей кодовой странице (1251)
C:\Уник\OPI\Лаба5\фафыфыаыф\фафыфыаыф.cpp(34,12): warning C4566: символ, представленный универсальным именем символа "\u00E7", невозможно представить в текущей кодовой странице (1251)
C:\Уник\OPI\Лаба5\фафыфыаыф\фафыфыаыф.cpp(34,12): warning C4566: символ, представленный универсальным именем символа "\u00ED", невозможно представить в текущей кодовой странице (1251)
C:\Уник\OPI\Лаба5\фафыфыаыф\фафыфыаыф.cpp(34,12): warning C4566: символ, представленный универсальным именем символа "\u00E8", невозможно представить в текущей кодовой странице (1251)
C:\Уник\OPI\Лаба5\фафыфыаыф\фафыфыаыф.cpp(34,12): warning C4566: символ, представленный универсальным именем символа "\u00F6", невозможно представить в текущей кодовой странице (1251)
C:\Уник\OPI\Лаба5\фафыфыаыф\фафыфыаыф.cpp(34,12): warning C4566: символ, представленный универсальным именем символа "\u00F7", невозможно представить в текущей кодовой странице (1251)
C:\Уник\OPI\Лаба5\фафыфыаыф\фафыфыаыф.cpp(34,12): warning C4566: символ, представленный универсальным именем символа "\u00E5", невозможно представить в текущей кодовой странице (1251)
C:\Уник\OPI\Лаба5\фафыфыаыф\фафыфыаыф.cpp(34,12): warning C4566: символ, представленный универсальным именем символа "\u00E9", невозможно представить в текущей кодовой странице (1251)
C:\Уник\OPI\Лаба5\фафыфыаыф\фафыфыаыф.cpp(34,12): warning C4566: символ, представленный универсальным именем символа "\u00EA", невозможно представить в текущей кодовой странице (1251)
C:\Уник\OPI\Лаба5\фафыфыаыф\фафыфыаыф.cpp(34,12): warning C4566: символ, представленный универсальным именем символа "\u00EE", невозможно представить в текущей кодовой странице (1251)
C:\Уник\OPI\Лаба5\фафыфыаыф\фафыфыаыф.cpp(34,12): warning C4566: символ, представленный универсальным именем символа "\u00E4", невозможно представить в текущей кодовой странице (1251)
C:\Уник\OPI\Лаба5\фафыфыаыф\фафыфыаыф.cpp(34,12): warning C4566: символ, представленный универсальным именем символа "\u00E2", невозможно представить в текущей кодовой странице (1251)
C:\Уник\OPI\Лаба5\фафыфыаыф\фафыфыаыф.cpp(37,12): warning C4566: символ, представленный универсальным именем символа "\u00C2", невозможно представить в текущей кодовой странице (1251)
C:\Уник\OPI\Лаба5\фафыфыаыф\фафыфыаыф.cpp(37,12): warning C4566: символ, представленный универсальным именем символа "\u00E2", невозможно представить в текущей кодовой странице (1251)
C:\Уник\OPI\Лаба5\фафыфыаыф\фафыфыаыф.cpp(37,12): warning C4566: символ, представленный универсальным именем символа "\u00E5", невозможно представить в текущей кодовой странице (1251)
C:\Уник\OPI\Лаба5\фафыфыаыф\фафыфыаыф.cpp(37,12): warning C4566: символ, представленный универсальным именем символа "\u00E4", невозможно представить в текущей кодовой странице (1251)
C:\Уник\OPI\Лаба5\фафыфыаыф\фафыфыаыф.cpp(37,12): warning C4566: символ, представленный универсальным именем символа "\u00ED", невозможно представить в текущей кодовой странице (1251)
C:\Уник\OPI\Лаба5\фафыфыаыф\фафыфыаыф.cpp(37,12): warning C4566: символ, представленный универсальным именем символа "\u00FB", невозможно представить в текущей кодовой странице (1251)
C:\Уник\OPI\Лаба5\фафыфыаыф\фафыфыаыф.cpp(37,12): warning C4566: символ, представленный универсальным именем символа "\u00EA", невозможно представить в текущей кодовой странице (1251)
C:\Уник\OPI\Лаба5\фафыфыаыф\фафыфыаыф.cpp(37,12): warning C4566: символ, представленный универсальным именем символа "\u00EE", невозможно представить в текущей кодовой странице (1251)
C:\Уник\OPI\Лаба5\фафыфыаыф\фафыфыаыф.cpp(37,12): warning C4566: символ, представленный универсальным именем символа "\u00F0", невозможно представить в текущей кодовой странице (1251)
C:\Уник\OPI\Лаба5\фафыфыаыф\фафыфыаыф.cpp(37,12): warning C4566: символ, представленный универсальным именем символа "\u00F2", невозможно представить в текущей кодовой странице (1251)
C:\Уник\OPI\Лаба5\фафыфыаыф\фафыфыаыф.cpp(37,12): warning C4566: символ, представленный универсальным именем символа "\u00F1", невозможно представить в текущей кодовой странице (1251)
C:\Уник\OPI\Лаба5\фафыфыаыф\фафыфыаыф.cpp(37,12): warning C4566: символ, представленный универсальным именем символа "\u00E8", невозможно представить в текущей кодовой странице (1251)
C:\Уник\OPI\Лаба5\фафыфыаыф\фафыфыаыф.cpp(37,12): warning C4566: символ, представленный универсальным именем символа "\u00EC", невозможно представить в текущей кодовой странице (1251)
C:\Уник\OPI\Лаба5\фафыфыаыф\фафыфыаыф.cpp(37,12): warning C4566: символ, представленный универсальным именем символа "\u00EB", невозможно представить в текущей кодовой странице (1251)
C:\Уник\OPI\Лаба5\фафыфыаыф\фафыфыаыф.cpp(41,11): warning C4566: символ, представленный универсальным именем символа "\u00C2", невозможно представить в текущей кодовой странице (1251)
C:\Уник\OPI\Лаба5\фафыфыаыф\фафыфыаыф.cpp(41,11): warning C4566: символ, представленный универсальным именем символа "\u00E2", невозможно представить в текущей кодовой странице (1251)
C:\Уник\OPI\Лаба5\фафыфыаыф\фафыфыаыф.cpp(41,11): warning C4566: символ, представленный универсальным именем символа "\u00E5", невозможно представить в текущей кодовой странице (1251)
C:\Уник\OPI\Лаба5\фафыфыаыф\фафыфыаыф.cpp(41,11): warning C4566: символ, представленный универсальным именем символа "\u00E4", невозможно представить в текущей кодовой странице (1251)
C:\Уник\OPI\Лаба5\фафыфыаыф\фафыфыаыф.cpp(41,11): warning C4566: символ, представленный универсальным именем символа "\u00E8", невозможно представить в текущей кодовой странице (1251)
C:\Уник\OPI\Лаба5\фафыфыаыф\фафыфыаыф.cpp(41,11): warning C4566: символ, представленный универсальным именем символа "\u00F2", невозможно представить в текущей кодовой странице (1251)
C:\Уник\OPI\Лаба5\фафыфыаыф\фафыфыаыф.cpp(41,11): warning C4566: символ, представленный универсальным именем символа "\u00EA", невозможно представить в текущей кодовой странице (1251)
C:\Уник\OPI\Лаба5\фафыфыаыф\фафыфыаыф.cpp(41,11): warning C4566: символ, представленный универсальным именем символа "\u00EE", невозможно представить в текущей кодовой странице (1251)
C:\Уник\OPI\Лаба5\фафыфыаыф\фафыфыаыф.cpp(41,11): warning C4566: символ, представленный универсальным именем символа "\u00EB", невозможно представить в текущей кодовой странице (1251)
C:\Уник\OPI\Лаба5\фафыфыаыф\фафыфыаыф.cpp(41,11): warning C4566: символ, представленный универсальным именем символа "\u00F7", невозможно представить в текущей кодовой странице (1251)
C:\Уник\OPI\Лаба5\фафыфыаыф\фафыфыаыф.cpp(41,11): warning C4566: символ, представленный универсальным именем символа "\u00F1", невозможно представить в текущей кодовой странице (1251)
C:\Уник\OPI\Лаба5\фафыфыаыф\фафыфыаыф.cpp(41,11): warning C4566: символ, представленный универсальным именем символа "\u00F6", невозможно представить в текущей кодовой странице (1251)
C:\Уник\OPI\Лаба5\фафыфыаыф\фафыфыаыф.cpp(41,11): warning C4566: символ, представленный универсальным именем символа "\u00F4", невозможно представить в текущей кодовой странице (1251)
C:\Уник\OPI\Лаба5\фафыфыаыф\фафыфыаыф.cpp(41,11): warning C4566: символ, представленный универсальным именем символа "\u00F0", невозможно представить в текущей кодовой странице (1251)
C:\Уник\OPI\Лаба5\фафыфыаыф\фафыфыаыф.cpp(41,11): warning C4566: символ, представленный универсальным именем символа "\u00EC", невозможно представить в текущей кодовой странице (1251)
C:\Уник\OPI\Лаба5\фафыфыаыф\фафыфыаыф.cpp(41,11): warning C4566: символ, представленный универсальным именем символа "\u00ED", невозможно представить в текущей кодовой странице (1251)
C:\Уник\OPI\Лаба5\фафыфыаыф\фафыфыаыф.cpp(44,12): warning C4566: символ, представленный универсальным именем символа "\u00CA", невозможно представить в текущей кодовой странице (1251)
C:\Уник\OPI\Лаба5\фафыфыаыф\фафыфыаыф.cpp(44,12): warning C4566: символ, представленный универсальным именем символа "\u00EE", невозможно представить в текущей кодовой странице (1251)
C:\Уник\OPI\Лаба5\фафыфыаыф\фафыфыаыф.cpp(44,12): warning C4566: символ, представленный универсальным именем символа "\u00E4", невозможно представить в текущей кодовой странице (1251)
C:\Уник\OPI\Лаба5\фафыфыаыф\фафыфыаыф.cpp(44,12): warning C4566: символ, представленный универсальным именем символа "\u00F1", невозможно представить в текущей кодовой странице (1251)
C:\Уник\OPI\Лаба5\фафыфыаыф\фафыфыаыф.cpp(44,12): warning C4566: символ, представленный универсальным именем символа "\u00E8", невозможно представить в текущей кодовой странице (1251)
C:\Уник\OPI\Лаба5\фафыфыаыф\фафыфыаыф.cpp(44,12): warning C4566: символ, представленный универсальным именем символа "\u00EC", невозможно представить в текущей кодовой странице (1251)
C:\Уник\OPI\Лаба5\фафыфыаыф\фафыфыаыф.cpp(44,12): warning C4566: символ, представленный универсальным именем символа "\u00E2", невозможно представить в текущей кодовой странице (1251)
C:\Уник\OPI\Лаба5\фафыфыаыф\фафыфыаыф.cpp(44,12): warning C4566: символ, представленный универсальным именем символа "\u00EB", невозможно представить в текущей кодовой странице (1251)
C:\Уник\OPI\Лаба5\фафыфыаыф\фафыфыаыф.cpp(44,12): warning C4566: символ, представленный универсальным именем символа "\u00E0", невозможно представить в текущей кодовой странице (1251)
C:\Уник\OPI\Лаба5\фафыфыаыф\фафыфыаыф.cpp(47,12): warning C4566: символ, представленный универсальным именем символа "\u00C2", невозможно представить в текущей кодовой странице (1251)
C:\Уник\OPI\Лаба5\фафыфыаыф\фафыфыаыф.cpp(47,12): warning C4566: символ, представленный универсальным именем символа "\u00E2", невозможно представить в текущей кодовой странице (1251)
C:\Уник\OPI\Лаба5\фафыфыаыф\фафыфыаыф.cpp(47,12): warning C4566: символ, представленный универсальным именем символа "\u00E5", невозможно представить в текущей кодовой странице (1251)
C:\Уник\OPI\Лаба5\фафыфыаыф\фафыфыаыф.cpp(47,12): warning C4566: символ, представленный универсальным именем символа "\u00E4", невозможно представить в текущей кодовой странице (1251)
C:\Уник\OPI\Лаба5\фафыфыаыф\фафыфыаыф.cpp(47,12): warning C4566: символ, представленный универсальным именем символа "\u00ED", невозможно представить в текущей кодовой странице (1251)
C:\Уник\OPI\Лаба5\фафыфыаыф\фафыфыаыф.cpp(47,12): warning C4566: символ, представленный универсальным именем символа "\u00EA", невозможно представить в текущей кодовой странице (1251)
C:\Уник\OPI\Лаба5\фафыфыаыф\фафыфыаыф.cpp(47,12): warning C4566: символ, представленный универсальным именем символа "\u00EE", невозможно представить в текущей кодовой странице (1251)
C:\Уник\OPI\Лаба5\фафыфыаыф\фафыфыаыф.cpp(47,12): warning C4566: символ, представленный универсальным именем символа "\u00F0", невозможно представить в текущей кодовой странице (1251)
C:\Уник\OPI\Лаба5\фафыфыаыф\фафыфыаыф.cpp(47,12): warning C4566: символ, представленный универсальным именем символа "\u00F2", невозможно представить в текущей кодовой странице (1251)
C:\Уник\OPI\Лаба5\фафыфыаыф\фафыфыаыф.cpp(47,12): warning C4566: символ, представленный универсальным именем символа "\u00FB", невозможно представить в текущей кодовой странице (1251)
C:\Уник\OPI\Лаба5\фафыфыаыф\фафыфыаыф.cpp(47,12): warning C4566: символ, представленный универсальным именем символа "\u00E9", невозможно представить в текущей кодовой странице (1251)
C:\Уник\OPI\Лаба5\фафыфыаыф\фафыфыаыф.cpp(47,12): warning C4566: символ, представленный универсальным именем символа "\u00F1", невозможно представить в текущей кодовой странице (1251)
C:\Уник\OPI\Лаба5\фафыфыаыф\фафыфыаыф.cpp(47,12): warning C4566: символ, представленный универсальным именем символа "\u00E8", невозможно представить в текущей кодовой странице (1251)
C:\Уник\OPI\Лаба5\фафыфыаыф\фафыфыаыф.cpp(47,12): warning C4566: символ, представленный универсальным именем символа "\u00EC", невозможно представить в текущей кодовой странице (1251)
C:\Уник\OPI\Лаба5\фафыфыаыф\фафыфыаыф.cpp(47,12): warning C4566: символ, представленный универсальным именем символа "\u00EB", невозможно представить в текущей кодовой странице (1251)
C:\Уник\OPI\Лаба5\фафыфыаыф\фафыфыаыф.cpp(53,11): warning C4566: символ, представленный универсальным именем символа "\u00C2", невозможно представить в текущей кодовой странице (1251)
C:\Уник\OPI\Лаба5\фафыфыаыф\фафыфыаыф.cpp(53,11): warning C4566: символ, представленный универсальным именем символа "\u00E2", невозможно представить в текущей кодовой странице (1251)
C:\Уник\OPI\Лаба5\фафыфыаыф\фафыфыаыф.cpp(53,11): warning C4566: символ, представленный универсальным именем символа "\u00E5", невозможно представить в текущей кодовой странице (1251)
C:\Уник\OPI\Лаба5\фафыфыаыф\фафыфыаыф.cpp(53,11): warning C4566: символ, представленный универсальным именем символа "\u00E4", невозможно представить в текущей кодовой странице (1251)
C:\Уник\OPI\Лаба5\фафыфыаыф\фафыфыаыф.cpp(53,11): warning C4566: символ, представленный универсальным именем символа "\u00ED", невозможно представить в текущей кодовой странице (1251)
C:\Уник\OPI\Лаба5\фафыфыаыф\фафыфыаыф.cpp(53,11): warning C4566: символ, представленный универсальным именем символа "\u00EE", невозможно представить в текущей кодовой странице (1251)
C:\Уник\OPI\Лаба5\фафыфыаыф\фафыфыаыф.cpp(53,11): warning C4566: символ, представленный универсальным именем символа "\u00EA", невозможно представить в текущей кодовой странице (1251)
C:\Уник\OPI\Лаба5\фафыфыаыф\фафыфыаыф.cpp(53,11): warning C4566: символ, представленный универсальным именем символа "\u00F0", невозможно представить в текущей кодовой странице (1251)
C:\Уник\OPI\Лаба5\фафыфыаыф\фафыфыаыф.cpp(53,11): warning C4566: символ, представленный универсальным именем символа "\u00F2", невозможно представить в текущей кодовой странице (1251)
C:\Уник\OPI\Лаба5\фафыфыаыф\фафыфыаыф.cpp(53,11): warning C4566: символ, представленный универсальным именем символа "\u00F7", невозможно представить в текущей кодовой странице (1251)
C:\Уник\OPI\Лаба5\фафыфыаыф\фафыфыаыф.cpp(53,11): warning C4566: символ, представленный универсальным именем символа "\u00E8", невозможно представить в текущей кодовой странице (1251)
C:\Уник\OPI\Лаба5\фафыфыаыф\фафыфыаыф.cpp(53,11): warning C4566: символ, представленный универсальным именем символа "\u00F1", невозможно представить в текущей кодовой странице (1251)
C:\Уник\OPI\Лаба5\фафыфыаыф\фафыфыаыф.cpp(53,11): warning C4566: символ, представленный универсальным именем символа "\u00EB", невозможно представить в текущей кодовой странице (1251)
  фафыфыаыф.vcxproj -> C:\Уник\OPI\Лаба5\x64\Debug\фафыфыаыф.exe
