Сборка начата 03.03.2025 9:18:16.
Уровень детализации журнала: Normal.     1>Проект "C:\Уник\AISD\Phibanochi\laba1\laba1.vcxproj" в узле 2 (целевые объекты Build).
     1>PrepareForBuild:
         Структурированный вывод включен. Форматирование диагностики компилятора будет отражать иерархию ошибок. Подробнее см. https://aka.ms/cpp/structured-output.
       InitializeBuildStatus:
         Создание "x64\Debug\laba1.tlog\unsuccessfulbuild", так как было задано "AlwaysCreate".
         Обращение к "x64\Debug\laba1.tlog\unsuccessfulbuild".
       ClCompile:
         C:\Program Files\Microsoft Visual Studio\2022\Community\VC\Tools\MSVC\14.42.34433\bin\HostX64\x64\CL.exe /c /ZI /JMC /nologo /W3 /WX- /diagnostics:column /sdl /Od /D _DEBUG /D _CONSOLE /D _UNICODE /D UNICODE /Gm- /EHsc /RTC1 /MDd /GS /fp:precise /Zc:wchar_t /Zc:forScope /Zc:inline /permissive- /Fo"x64\Debug\\" /Fd"x64\Debug\vc143.pdb" /external:W3 /Gd /TP /FC /errorReport:prompt laba1.cpp
         laba1.cpp
     1>C:\Уник\AISD\Phibanochi\laba1\laba1.cpp(37,12): warning C4477: "printf": в строке форматирования "%lld" требуется аргумент типа "__int64", но вариативный аргумент "1" имеет тип "_Rep"
C:\Уник\AISD\Phibanochi\laba1\laba1.cpp(37,12): warning C4477:         with
C:\Уник\AISD\Phibanochi\laba1\laba1.cpp(37,12): warning C4477:         [
C:\Уник\AISD\Phibanochi\laba1\laba1.cpp(37,12): warning C4477:             _Rep=int
C:\Уник\AISD\Phibanochi\laba1\laba1.cpp(37,12): warning C4477:         ]
             C:\Уник\AISD\Phibanochi\laba1\laba1.cpp(37,12):
             рекомендуется использовать "%d" в строке форматирования
             C:\Уник\AISD\Phibanochi\laba1\laba1.cpp(37,12):
             рекомендуется использовать "%I32d" в строке форматирования
         
     1>C:\Уник\AISD\Phibanochi\laba1\laba1.cpp(71,12): warning C4477: "printf": в строке форматирования "%lld" требуется аргумент типа "__int64", но вариативный аргумент "1" имеет тип "_Rep"
C:\Уник\AISD\Phibanochi\laba1\laba1.cpp(71,12): warning C4477:         with
C:\Уник\AISD\Phibanochi\laba1\laba1.cpp(71,12): warning C4477:         [
C:\Уник\AISD\Phibanochi\laba1\laba1.cpp(71,12): warning C4477:             _Rep=int
C:\Уник\AISD\Phibanochi\laba1\laba1.cpp(71,12): warning C4477:         ]
             C:\Уник\AISD\Phibanochi\laba1\laba1.cpp(71,12):
             рекомендуется использовать "%d" в строке форматирования
             C:\Уник\AISD\Phibanochi\laba1\laba1.cpp(71,12):
             рекомендуется использовать "%I32d" в строке форматирования
         
       Link:
         C:\Program Files\Microsoft Visual Studio\2022\Community\VC\Tools\MSVC\14.42.34433\bin\HostX64\x64\link.exe /ERRORREPORT:PROMPT /OUT:"C:\Уник\AISD\Phibanochi\x64\Debug\laba1.exe" /INCREMENTAL /ILK:"x64\Debug\laba1.ilk" /NOLOGO kernel32.lib user32.lib gdi32.lib winspool.lib comdlg32.lib advapi32.lib shell32.lib ole32.lib oleaut32.lib uuid.lib odbc32.lib odbccp32.lib /MANIFEST /MANIFESTUAC:"level='asInvoker' uiAccess='false'" /manifest:embed /DEBUG /PDB:"C:\Уник\AISD\Phibanochi\x64\Debug\laba1.pdb" /SUBSYSTEM:CONSOLE /TLBID:1 /DYNAMICBASE /NXCOMPAT /IMPLIB:"C:\Уник\AISD\Phibanochi\x64\Debug\laba1.lib" /MACHINE:X64 x64\Debug\laba1.obj
         laba1.vcxproj -> C:\Уник\AISD\Phibanochi\x64\Debug\laba1.exe
       FinalizeBuildStatus:
         Файл "x64\Debug\laba1.tlog\unsuccessfulbuild" удаляется.
         Обращение к "x64\Debug\laba1.tlog\laba1.lastbuildstate".
     1>Сборка проекта "C:\Уник\AISD\Phibanochi\laba1\laba1.vcxproj" завершена (целевые объекты Build).

Сборка успешно завершена.

       "C:\Уник\AISD\Phibanochi\laba1\laba1.vcxproj" (целевой объект Build ) (1) ->
       (Целевой объект ClCompile) -> 
         C:\Уник\AISD\Phibanochi\laba1\laba1.cpp(37,12): warning C4477: "printf": в строке форматирования "%lld" требуется аргумент типа "__int64", но вариативный аргумент "1" имеет тип "_Rep"
       C:\Уник\AISD\Phibanochi\laba1\laba1.cpp(37,12): warning C4477:         with
       C:\Уник\AISD\Phibanochi\laba1\laba1.cpp(37,12): warning C4477:         [
       C:\Уник\AISD\Phibanochi\laba1\laba1.cpp(37,12): warning C4477:             _Rep=int
       C:\Уник\AISD\Phibanochi\laba1\laba1.cpp(37,12): warning C4477:         ]
         C:\Уник\AISD\Phibanochi\laba1\laba1.cpp(71,12): warning C4477: "printf": в строке форматирования "%lld" требуется аргумент типа "__int64", но вариативный аргумент "1" имеет тип "_Rep"
       C:\Уник\AISD\Phibanochi\laba1\laba1.cpp(71,12): warning C4477:         with
       C:\Уник\AISD\Phibanochi\laba1\laba1.cpp(71,12): warning C4477:         [
       C:\Уник\AISD\Phibanochi\laba1\laba1.cpp(71,12): warning C4477:             _Rep=int
       C:\Уник\AISD\Phibanochi\laba1\laba1.cpp(71,12): warning C4477:         ]

    Предупреждений: 2
    Ошибок: 0

Прошло времени 00:00:01.44
