Сборка начата 31.05.2025 11:37:17.
Уровень детализации журнала: Normal.     1>Проект "C:\Universety\OAIP\1course2sem\Приложение 2\app_2\app_2\app_2.vcxproj" в узле 2 (целевые объекты Build).
     1>PrepareForBuild:
         Структурированный вывод включен. Форматирование диагностики компилятора будет отражать иерархию ошибок. Подробнее см. https://aka.ms/cpp/structured-output.
       InitializeBuildStatus:
         Создание "x64\Debug\app_2.tlog\unsuccessfulbuild", так как было задано "AlwaysCreate".
         Обращение к "x64\Debug\app_2.tlog\unsuccessfulbuild".
       ClCompile:
         C:\Program Files\Microsoft Visual Studio\2022\Community\VC\Tools\MSVC\14.42.34433\bin\HostX64\x64\CL.exe /c /ZI /JMC /nologo /W3 /WX- /diagnostics:column /sdl /Od /D _DEBUG /D _CONSOLE /D _UNICODE /D UNICODE /Gm- /EHsc /RTC1 /MDd /GS /fp:precise /Zc:wchar_t /Zc:forScope /Zc:inline /permissive- /Fo"x64\Debug\\" /Fd"x64\Debug\vc143.pdb" /external:W3 /Gd /TP /FC /errorReport:prompt app_2.cpp List.cpp
         app_2.cpp
     1>C:\Universety\OAIP\1course2sem\Приложение 2\app_2\app_2\app_2.cpp(22,9): warning C4101: age: неиспользованная локальная переменная
         List.cpp
         Создание кода...
       Link:
         C:\Program Files\Microsoft Visual Studio\2022\Community\VC\Tools\MSVC\14.42.34433\bin\HostX64\x64\link.exe /ERRORREPORT:PROMPT /OUT:"C:\Universety\OAIP\1course2sem\Приложение 2\app_2\x64\Debug\app_2.exe" /INCREMENTAL /ILK:"x64\Debug\app_2.ilk" /NOLOGO kernel32.lib user32.lib gdi32.lib winspool.lib comdlg32.lib advapi32.lib shell32.lib ole32.lib oleaut32.lib uuid.lib odbc32.lib odbccp32.lib /MANIFEST /MANIFESTUAC:"level='asInvoker' uiAccess='false'" /manifest:embed /DEBUG /PDB:"C:\Universety\OAIP\1course2sem\Приложение 2\app_2\x64\Debug\app_2.pdb" /SUBSYSTEM:CONSOLE /TLBID:1 /DYNAMICBASE /NXCOMPAT /IMPLIB:"C:\Universety\OAIP\1course2sem\Приложение 2\app_2\x64\Debug\app_2.lib" /MACHINE:X64 x64\Debug\app_2.obj
         x64\Debug\List.obj
         app_2.vcxproj -> C:\Universety\OAIP\1course2sem\Приложение 2\app_2\x64\Debug\app_2.exe
       TlogCleanup:
         Следующие элементы будут удалены из tlogs, так как они были удалены из проекта или сборки: C:\sem_02\ОАИП\Приложение 2\app_2\app_2\app_2.cpp.
       FinalizeBuildStatus:
         Файл "x64\Debug\app_2.tlog\unsuccessfulbuild" удаляется.
         Обращение к "x64\Debug\app_2.tlog\app_2.lastbuildstate".
     1>Сборка проекта "C:\Universety\OAIP\1course2sem\Приложение 2\app_2\app_2\app_2.vcxproj" завершена (целевые объекты Build).

Сборка успешно завершена.

       "C:\Universety\OAIP\1course2sem\Приложение 2\app_2\app_2\app_2.vcxproj" (целевой объект Build ) (1) ->
       (Целевой объект ClCompile) -> 
         C:\Universety\OAIP\1course2sem\Приложение 2\app_2\app_2\app_2.cpp(22,9): warning C4101: age: неиспользованная локальная переменная

    Предупреждений: 1
    Ошибок: 0

Прошло времени 00:00:02.80
