Сборка начата 27.02.2025 11:38:07.
Уровень детализации журнала: Normal.     1>Проект "C:\Уник\KPO\laba01\laba01\laba01.vcxproj" в узле 2 (целевые объекты Build).
     1>PrepareForBuild:
         Структурированный вывод включен. Форматирование диагностики компилятора будет отражать иерархию ошибок. Подробнее см. https://aka.ms/cpp/structured-output.
       InitializeBuildStatus:
         Создание "Debug\laba01.tlog\unsuccessfulbuild", так как было задано "AlwaysCreate".
         Обращение к "Debug\laba01.tlog\unsuccessfulbuild".
       ClCompile:
         C:\Program Files\Microsoft Visual Studio\2022\Community\VC\Tools\MSVC\14.42.34433\bin\HostX86\x86\CL.exe /c /ZI /JMC /nologo /W3 /WX- /diagnostics:column /sdl /Od /Oy- /D WIN32 /D _DEBUG /D _CONSOLE /D _UNICODE /D UNICODE /Gm- /EHsc /RTC1 /MDd /GS /fp:precise /Zc:wchar_t /Zc:forScope /Zc:inline /permissive- /Fo"Debug\\" /Fd"Debug\vc143.pdb" /external:W3 /Gd /TP /analyze- /FC /errorReport:prompt laba01.cpp
         laba01.cpp
     1>C:\Уник\KPO\laba01\laba01\laba01.cpp(17,10): warning C4244: инициализация: преобразование "double" в "float", возможна потеря данных
     1>C:\Уник\KPO\laba01\laba01\laba01.cpp(32,23): warning C4309: инициализация: усечение константного значения
     1>C:\Уник\KPO\laba01\laba01\laba01.cpp(41,21): warning C4309: инициализация: усечение константного значения
     1>C:\Уник\KPO\laba01\laba01\laba01.cpp(50,22): warning C4309: инициализация: усечение константного значения
     1>C:\Уник\KPO\laba01\laba01\laba01.cpp(66,21): warning C4305: инициализация: усечение из "double" в "float"
     1>C:\Уник\KPO\laba01\laba01\laba01.cpp(58,1): warning C4723: возможное деление на 0
     1>C:\Уник\KPO\laba01\laba01\laba01.cpp(59,1): warning C4723: возможное деление на 0
       Link:
         C:\Program Files\Microsoft Visual Studio\2022\Community\VC\Tools\MSVC\14.42.34433\bin\HostX86\x86\link.exe /ERRORREPORT:PROMPT /OUT:"C:\Уник\KPO\laba01\Debug\laba01.exe" /INCREMENTAL /ILK:"Debug\laba01.ilk" /NOLOGO kernel32.lib user32.lib gdi32.lib winspool.lib comdlg32.lib advapi32.lib shell32.lib ole32.lib oleaut32.lib uuid.lib odbc32.lib odbccp32.lib /MANIFEST /MANIFESTUAC:"level='asInvoker' uiAccess='false'" /manifest:embed /DEBUG /PDB:"C:\Уник\KPO\laba01\Debug\laba01.pdb" /SUBSYSTEM:CONSOLE /TLBID:1 /DYNAMICBASE /NXCOMPAT /IMPLIB:"C:\Уник\KPO\laba01\Debug\laba01.lib" /MACHINE:X86 Debug\laba01.obj
         laba01.vcxproj -> C:\Уник\KPO\laba01\Debug\laba01.exe
       FinalizeBuildStatus:
         Файл "Debug\laba01.tlog\unsuccessfulbuild" удаляется.
         Обращение к "Debug\laba01.tlog\laba01.lastbuildstate".
     1>Сборка проекта "C:\Уник\KPO\laba01\laba01\laba01.vcxproj" завершена (целевые объекты Build).

Сборка успешно завершена.

       "C:\Уник\KPO\laba01\laba01\laba01.vcxproj" (целевой объект Build ) (1) ->
       (Целевой объект ClCompile) -> 
         C:\Уник\KPO\laba01\laba01\laba01.cpp(17,10): warning C4244: инициализация: преобразование "double" в "float", возможна потеря данных
         C:\Уник\KPO\laba01\laba01\laba01.cpp(32,23): warning C4309: инициализация: усечение константного значения
         C:\Уник\KPO\laba01\laba01\laba01.cpp(41,21): warning C4309: инициализация: усечение константного значения
         C:\Уник\KPO\laba01\laba01\laba01.cpp(50,22): warning C4309: инициализация: усечение константного значения
         C:\Уник\KPO\laba01\laba01\laba01.cpp(66,21): warning C4305: инициализация: усечение из "double" в "float"
         C:\Уник\KPO\laba01\laba01\laba01.cpp(58,1): warning C4723: возможное деление на 0
         C:\Уник\KPO\laba01\laba01\laba01.cpp(59,1): warning C4723: возможное деление на 0

    Предупреждений: 7
    Ошибок: 0

Прошло времени 00:00:01.60
