Сборка начата 18.04.2025 20:11:13.
Уровень детализации журнала: Normal.     1>Проект "C:\Universety\OAIP\1course2sem\Laba08\task 1\task 1.vcxproj" в узле 2 (целевые объекты Build).
     1>PrepareForBuild:
         Структурированный вывод включен. Форматирование диагностики компилятора будет отражать иерархию ошибок. Подробнее см. https://aka.ms/cpp/structured-output.
       InitializeBuildStatus:
         Создание "x64\Debug\task 1.tlog\unsuccessfulbuild", так как было задано "AlwaysCreate".
         Обращение к "x64\Debug\task 1.tlog\unsuccessfulbuild".
       ClCompile:
         C:\Program Files\Microsoft Visual Studio\2022\Community\VC\Tools\MSVC\14.42.34433\bin\HostX64\x64\CL.exe /c /ZI /JMC /nologo /W3 /WX- /diagnostics:column /sdl /Od /D _DEBUG /D _CONSOLE /D _UNICODE /D UNICODE /Gm- /EHsc /RTC1 /MDd /GS /fp:precise /Zc:wchar_t /Zc:forScope /Zc:inline /permissive- /Fo"x64\Debug\\" /Fd"x64\Debug\vc143.pdb" /external:W3 /Gd /TP /FC /errorReport:prompt Function.cpp "task 1.cpp"
         Function.cpp
         task 1.cpp
         Создание кода...
       Link:
         C:\Program Files\Microsoft Visual Studio\2022\Community\VC\Tools\MSVC\14.42.34433\bin\HostX64\x64\link.exe /ERRORREPORT:PROMPT /OUT:"C:\Universety\OAIP\1course2sem\Laba08\x64\Debug\task 1.exe" /INCREMENTAL /ILK:"x64\Debug\task 1.ilk" /NOLOGO kernel32.lib user32.lib gdi32.lib winspool.lib comdlg32.lib advapi32.lib shell32.lib ole32.lib oleaut32.lib uuid.lib odbc32.lib odbccp32.lib /MANIFEST /MANIFESTUAC:"level='asInvoker' uiAccess='false'" /manifest:embed /DEBUG /PDB:"C:\Universety\OAIP\1course2sem\Laba08\x64\Debug\task 1.pdb" /SUBSYSTEM:CONSOLE /TLBID:1 /DYNAMICBASE /NXCOMPAT /IMPLIB:"C:\Universety\OAIP\1course2sem\Laba08\x64\Debug\task 1.lib" /MACHINE:X64 x64\Debug\Function.obj
         "x64\Debug\task 1.obj"
         task 1.vcxproj -> C:\Universety\OAIP\1course2sem\Laba08\x64\Debug\task 1.exe
       TlogCleanup:
         Следующие элементы будут удалены из tlogs, так как они были удалены из проекта или сборки: C:\Уник\OAIP\1course2sem\Laba08\task 1\Function.cpp.
       FinalizeBuildStatus:
         Файл "x64\Debug\task 1.tlog\unsuccessfulbuild" удаляется.
         Обращение к "x64\Debug\task 1.tlog\task 1.lastbuildstate".
     1>Сборка проекта "C:\Universety\OAIP\1course2sem\Laba08\task 1\task 1.vcxproj" завершена (целевые объекты Build).

Сборка успешно завершена.
    Предупреждений: 0
    Ошибок: 0

Прошло времени 00:00:03.09
